2024-07-23 12:45:35,677 [INFO] Activator:176 - 


2024-07-23 12:45:35,682 [INFO] Activator:177 - !SESSION log4j initialized
2024-07-23 12:45:41,302 [INFO] LogOutputStream:77 - [STDOUT_REDIRECT] 
2024-07-23 12:45:41,542 [ERROR] ConfigurationRetriever:142 - IOException on connection: Connection refused: getsockopt
2024-07-23 12:45:41,543 [ERROR] ConfigurationRetriever:142 - IOException on connection: Connection refused: getsockopt
2024-07-23 12:45:41,554 [ERROR] ConfigurationRetriever:142 - IOException on connection: Connection refused: getsockopt
2024-07-23 12:45:48,153 [INFO] ApplicationProperties:184 - Using Application install path: C:\ST\STM32CubeIDE_1.16.0\STM32CubeIDE\plugins\com.st.stm32cube.common.mx_6.12.0.202406281431
2024-07-23 12:45:48,174 [INFO] DbMcusXml:78 - Set database path to: C:\ST\STM32CubeIDE_1.16.0\STM32CubeIDE\plugins\com.st.stm32cube.common.mx_6.12.0.202406281431\\db\/mcu/
2024-07-23 12:45:48,175 [INFO] ApiDb:274 - Set plugin database path to: C:\ST\STM32CubeIDE_1.16.0\STM32CubeIDE\plugins\com.st.stm32cube.common.mx_6.12.0.202406281431\\db\/plugins/boardmanager/
2024-07-23 12:45:48,175 [WARN] ApiDb:259 - Overriding images path with different value:  => C:\ST\STM32CubeIDE_1.16.0\STM32CubeIDE\plugins\com.st.stm32cube.common.mx_6.12.0.202406281431\\db\/plugins/mcufinder/images/
2024-07-23 12:45:48,194 [INFO] ApiDb:250 - Set database path to: C:\Users\Alex\.stmcufinder\plugins\mcufinder//mcu/
2024-07-23 12:45:48,195 [INFO] DbMcusAds:125 - Set database path to: C:\Users\Alex\.stmcufinder\plugins\mcufinder//mcu/
2024-07-23 12:45:48,199 [INFO] CrossReferenceDbSqlite:203 - Set database path to: C:\Users\Alex\.stmcufinder\plugins\mcufinder//mcu/cs/
2024-07-23 12:45:48,319 [INFO] RulesReader:64 - Compatibility file has been processed (297 Rules)
2024-07-23 12:45:48,395 [INFO] DbMcusXml:78 - Set database path to: C:\ST\STM32CubeIDE_1.16.0\STM32CubeIDE\plugins\com.st.stm32cube.common.mx_6.12.0.202406281431\\db\/mcu/
2024-07-23 12:45:48,395 [INFO] ApiDb:274 - Set plugin database path to: C:\ST\STM32CubeIDE_1.16.0\STM32CubeIDE\plugins\com.st.stm32cube.common.mx_6.12.0.202406281431\\db\/plugins/boardmanager/
2024-07-23 12:45:48,395 [INFO] ApiDb:261 - Set plugin images path to: C:\ST\STM32CubeIDE_1.16.0\STM32CubeIDE\plugins\com.st.stm32cube.common.mx_6.12.0.202406281431\\db\/plugins/mcufinder/images/
2024-07-23 12:45:48,395 [WARN] DbFile:41 - Overriding database path with different value: C:\Users\Alex\.stmcufinder\plugins\mcufinder/ => C:\Users\Alex\.stmcufinder\plugins\mcufinder
2024-07-23 12:45:48,395 [INFO] ApiDb:250 - Set database path to: C:\Users\Alex\.stmcufinder\plugins\mcufinder//mcu/
2024-07-23 12:45:48,395 [WARN] DbFile:41 - Overriding database path with different value: C:\Users\Alex\.stmcufinder\plugins\mcufinder/ => C:\Users\Alex\.stmcufinder\plugins\mcufinder
2024-07-23 12:45:48,395 [INFO] DbMcusAds:125 - Set database path to: C:\Users\Alex\.stmcufinder\plugins\mcufinder//mcu/
2024-07-23 12:45:48,395 [WARN] DbFile:41 - Overriding database path with different value: C:\Users\Alex\.stmcufinder\plugins\mcufinder/ => C:\Users\Alex\.stmcufinder\plugins\mcufinder
2024-07-23 12:45:48,395 [WARN] DbFile:41 - Overriding database path with different value: C:\Users\Alex\.stmcufinder\plugins\mcufinder/ => C:\Users\Alex\.stmcufinder\plugins\mcufinder
2024-07-23 12:45:48,395 [INFO] CrossReferenceDbSqlite:203 - Set database path to: C:\Users\Alex\.stmcufinder\plugins\mcufinder//mcu/cs/
2024-07-23 12:45:48,557 [INFO] MainPanel:268 - HeapMemory: 272629760
2024-07-23 12:45:48,967 [INFO] DbMcusXml:78 - Set database path to: C:\ST\STM32CubeIDE_1.16.0\STM32CubeIDE\plugins\com.st.stm32cube.common.mx_6.12.0.202406281431\\db\/mcu/
2024-07-23 12:45:48,967 [INFO] ApiDb:274 - Set plugin database path to: C:\ST\STM32CubeIDE_1.16.0\STM32CubeIDE\plugins\com.st.stm32cube.common.mx_6.12.0.202406281431\\db\/plugins/boardmanager/
2024-07-23 12:45:48,967 [INFO] ApiDb:261 - Set plugin images path to: C:\ST\STM32CubeIDE_1.16.0\STM32CubeIDE\plugins\com.st.stm32cube.common.mx_6.12.0.202406281431\\db\/plugins/mcufinder/images/
2024-07-23 12:45:48,967 [WARN] DbFile:41 - Overriding database path with different value: C:\Users\Alex\.stmcufinder\plugins\mcufinder/ => C:\Users\Alex\.stmcufinder\plugins\mcufinder
2024-07-23 12:45:48,967 [INFO] ApiDb:250 - Set database path to: C:\Users\Alex\.stmcufinder\plugins\mcufinder//mcu/
2024-07-23 12:45:48,967 [WARN] DbFile:41 - Overriding database path with different value: C:\Users\Alex\.stmcufinder\plugins\mcufinder/ => C:\Users\Alex\.stmcufinder\plugins\mcufinder
2024-07-23 12:45:48,967 [INFO] DbMcusAds:125 - Set database path to: C:\Users\Alex\.stmcufinder\plugins\mcufinder//mcu/
2024-07-23 12:45:48,968 [WARN] DbFile:41 - Overriding database path with different value: C:\Users\Alex\.stmcufinder\plugins\mcufinder/ => C:\Users\Alex\.stmcufinder\plugins\mcufinder
2024-07-23 12:45:48,968 [WARN] DbFile:41 - Overriding database path with different value: C:\Users\Alex\.stmcufinder\plugins\mcufinder/ => C:\Users\Alex\.stmcufinder\plugins\mcufinder
2024-07-23 12:45:48,968 [INFO] CrossReferenceDbSqlite:203 - Set database path to: C:\Users\Alex\.stmcufinder\plugins\mcufinder//mcu/cs/
2024-07-23 12:45:49,005 [INFO] ApplicationProperties:184 - Using Application install path: C:\ST\STM32CubeIDE_1.16.0\STM32CubeIDE\plugins\com.st.stm32cube.common.mx_6.12.0.202406281431
2024-07-23 12:45:49,009 [INFO] PluginManage:196 - Search for loadable plugins [exclusion list=, ]
2024-07-23 12:45:49,011 [INFO] PluginManage:310 - Check plugin analytics
2024-07-23 12:45:49,742 [INFO] AnalyticsPlugin:253 - Accepted Software Licenses: STM32CubeMX.6.12.0
2024-07-23 12:45:49,742 [INFO] AnalyticsPlugin:255 - Accepted CMSIS Pack Licenses: 
2024-07-23 12:45:49,743 [INFO] AnalyticsPlugin:257 - Accepted Firmware Licenses: FW.G4.1.6.0
2024-07-23 12:45:49,760 [INFO] PluginManage:359 - Loaded plugin analytics (category:tool,tabindex:-1)
2024-07-23 12:45:49,761 [INFO] PluginManage:310 - Check plugin cadmodel
2024-07-23 12:45:49,769 [ERROR] ConfigurationRetriever:142 - IOException on connection: Connection refused: getsockopt
2024-07-23 12:45:49,773 [ERROR] ConfigurationRetriever:142 - IOException on connection: Connection refused: getsockopt
2024-07-23 12:45:49,779 [ERROR] ConfigurationRetriever:142 - IOException on connection: Connection refused: getsockopt
2024-07-23 12:45:49,804 [INFO] CADModel:105 - Init CAD model plugin
2024-07-23 12:45:49,805 [INFO] PluginManage:359 - Loaded plugin cadmodel (category:power,tabindex:5)
2024-07-23 12:45:49,805 [INFO] PluginManage:310 - Check plugin clock
2024-07-23 12:45:49,834 [INFO] PluginManage:359 - Loaded plugin clock (category:base,tabindex:2)
2024-07-23 12:45:49,834 [INFO] PluginManage:310 - Check plugin ddr
2024-07-23 12:45:49,839 [INFO] PluginManage:359 - Loaded plugin ddr (category:tool,tabindex:6)
2024-07-23 12:45:49,839 [INFO] PluginManage:310 - Check plugin filemanager
2024-07-23 12:45:50,119 [INFO] PluginManage:359 - Loaded plugin filemanager (category:base,tabindex:10)
2024-07-23 12:45:50,120 [INFO] PluginManage:310 - Check plugin ipmanager
2024-07-23 12:45:50,132 [INFO] PluginManage:359 - Loaded plugin ipmanager (category:base,tabindex:5)
2024-07-23 12:45:50,132 [INFO] PluginManage:310 - Check plugin lpbam
2024-07-23 12:45:50,165 [INFO] PluginManage:359 - Loaded plugin lpbam (category:base,tabindex:0)
2024-07-23 12:45:50,165 [INFO] PluginManage:310 - Check plugin memorymap
2024-07-23 12:45:50,210 [INFO] PluginManage:359 - Loaded plugin memorymap (category:base,tabindex:4)
2024-07-23 12:45:50,211 [INFO] PluginManage:310 - Check plugin pinoutandconfiguration
2024-07-23 12:45:50,241 [INFO] PluginManage:359 - Loaded plugin pinoutandconfiguration (category:base,tabindex:1)
2024-07-23 12:45:50,242 [INFO] PluginManage:310 - Check plugin pinoutconfig
2024-07-23 12:45:50,442 [WARN] SupportedApi:132 - Cannot load RTOS API schema: s4s-elt-must-match.1: The content of 'definitions' must match (annotation?, (simpleType | complexType)?, (unique | key | keyref)*)). A problem was found starting at: attribute.
2024-07-23 12:45:50,730 [INFO] PluginManage:359 - Loaded plugin pinoutconfig (category:base,tabindex:0)
2024-07-23 12:45:50,731 [INFO] PluginManage:310 - Check plugin power
2024-07-23 12:45:50,782 [INFO] PluginManage:359 - Loaded plugin power (category:power,tabindex:4)
2024-07-23 12:45:50,782 [INFO] PluginManage:310 - Check plugin projectmanager
2024-07-23 12:45:50,867 [INFO] PluginManage:359 - Loaded plugin projectmanager (category:projectmanager,tabindex:4)
2024-07-23 12:45:50,868 [INFO] PluginManage:310 - Check plugin rif
2024-07-23 12:45:50,902 [INFO] PluginManage:359 - Loaded plugin rif (category:base,tabindex:3)
2024-07-23 12:45:50,903 [INFO] PluginManage:310 - Check plugin thirdparty
2024-07-23 12:45:51,707 [INFO] PluginManage:359 - Loaded plugin thirdparty (category:base,tabindex:-1)
2024-07-23 12:45:51,707 [INFO] PluginManage:310 - Check plugin tools
2024-07-23 12:45:51,709 [WARN] IntegrityCheckThread:84 - waiting for thirdparty lock release [integrity check]
2024-07-23 12:45:51,709 [INFO] IntegrityCheckThread:86 - entering critical section [integrity check]
2024-07-23 12:45:51,710 [INFO] ThirdPartyUpdaterWithRetryManager:70 - Updater plugin not ready yet. [1/15]
2024-07-23 12:45:51,773 [INFO] PluginManage:359 - Loaded plugin tools (category:base,tabindex:7)
2024-07-23 12:45:51,774 [INFO] PluginManage:310 - Check plugin tutovideos
2024-07-23 12:45:52,121 [INFO] PluginManage:359 - Loaded plugin tutovideos (category:base,tabindex:-1)
2024-07-23 12:45:52,121 [INFO] PluginManage:310 - Check plugin updater
2024-07-23 12:45:52,165 [INFO] PluginManage:359 - Loaded plugin updater (category:base,tabindex:12)
2024-07-23 12:45:52,165 [INFO] PluginManage:310 - Check plugin userauth
2024-07-23 12:45:52,176 [INFO] UserAuth:113 - Init User Auth plugin
2024-07-23 12:45:52,176 [INFO] PluginManage:359 - Loaded plugin userauth (category:base,tabindex:14)
2024-07-23 12:45:52,177 [INFO] PluginManage:283 - PluginManage : Loaded plugins [18]
2024-07-23 12:45:52,649 [INFO] PinOutPanel:1561 - setPackage(No Configuration,No Configuration)
2024-07-23 12:45:52,918 [INFO] CADModel:165 - CPN selected for project level
2024-07-23 12:45:52,918 [INFO] CADModel:114 - Register for checkConnection events
2024-07-23 12:45:52,990 [INFO] IPUIPlugin:80 - create IPUIPlugin
2024-07-23 12:45:52,991 [INFO] PluginManager:220 - loadIPPluginJar : add adc
2024-07-23 12:45:53,067 [INFO] IPUIPlugin:80 - create IPUIPlugin
2024-07-23 12:45:53,068 [INFO] PluginManager:220 - loadIPPluginJar : add aes
2024-07-23 12:45:53,183 [INFO] IPUIPlugin:80 - create IPUIPlugin
2024-07-23 12:45:53,183 [INFO] PluginManager:220 - loadIPPluginJar : add can
2024-07-23 12:45:53,245 [INFO] IPUIPlugin:80 - create IPUIPlugin
2024-07-23 12:45:53,246 [INFO] PluginManager:220 - loadIPPluginJar : add comp
2024-07-23 12:45:53,346 [INFO] IPUIPlugin:80 - create IPUIPlugin
2024-07-23 12:45:53,346 [INFO] PluginManager:220 - loadIPPluginJar : add cryp
2024-07-23 12:45:53,369 [INFO] IPUIPlugin:80 - create IPUIPlugin
2024-07-23 12:45:53,369 [INFO] PluginManager:220 - loadIPPluginJar : add ddr_ctrl_phy
2024-07-23 12:45:53,432 [INFO] IPUIPlugin:80 - create IPUIPlugin
2024-07-23 12:45:53,432 [INFO] PluginManager:220 - loadIPPluginJar : add dfsdm
2024-07-23 12:45:53,462 [INFO] IPUIPlugin:80 - create IPUIPlugin
2024-07-23 12:45:53,463 [INFO] PluginManager:220 - loadIPPluginJar : add dma
2024-07-23 12:45:53,598 [INFO] IPUIPlugin:80 - create IPUIPlugin
2024-07-23 12:45:53,599 [INFO] PluginManager:220 - loadIPPluginJar : add dma3
2024-07-23 12:45:53,722 [INFO] IPUIPlugin:80 - create IPUIPlugin
2024-07-23 12:45:53,722 [INFO] PluginManager:220 - loadIPPluginJar : add extmemmanager
2024-07-23 12:45:53,782 [INFO] IPUIPlugin:80 - create IPUIPlugin
2024-07-23 12:45:53,783 [INFO] PluginManager:220 - loadIPPluginJar : add fatfs
2024-07-23 12:45:53,909 [INFO] IPUIPlugin:80 - create IPUIPlugin
2024-07-23 12:45:53,909 [INFO] PluginManager:220 - loadIPPluginJar : add fmc
2024-07-23 12:45:53,937 [INFO] IPUIPlugin:80 - create IPUIPlugin
2024-07-23 12:45:53,938 [INFO] PluginManager:220 - loadIPPluginJar : add freertos
2024-07-23 12:45:53,997 [INFO] IPUIPlugin:80 - create IPUIPlugin
2024-07-23 12:45:53,998 [INFO] PluginManager:220 - loadIPPluginJar : add genericplugin
2024-07-23 12:45:54,277 [INFO] IPUIPlugin:80 - create IPUIPlugin
2024-07-23 12:45:54,277 [INFO] PluginManager:220 - loadIPPluginJar : add gfxmmu
2024-07-23 12:45:54,660 [INFO] IPUIPlugin:80 - create IPUIPlugin
2024-07-23 12:45:54,661 [INFO] PluginManager:220 - loadIPPluginJar : add gic
2024-07-23 12:45:54,690 [INFO] IPUIPlugin:80 - create IPUIPlugin
2024-07-23 12:45:54,690 [INFO] PluginManager:220 - loadIPPluginJar : add gpio
2024-07-23 12:45:54,714 [INFO] ThirdPartyUpdaterWithRetryManager:70 - Updater plugin not ready yet. [2/15]
2024-07-23 12:45:54,923 [INFO] IPUIPlugin:80 - create IPUIPlugin
2024-07-23 12:45:54,924 [INFO] PluginManager:220 - loadIPPluginJar : add gtzc
2024-07-23 12:45:55,018 [INFO] IPUIPlugin:80 - create IPUIPlugin
2024-07-23 12:45:55,018 [INFO] PluginManager:220 - loadIPPluginJar : add hash
2024-07-23 12:45:55,162 [INFO] IPUIPlugin:80 - create IPUIPlugin
2024-07-23 12:45:55,163 [INFO] PluginManager:220 - loadIPPluginJar : add i2c
2024-07-23 12:45:55,278 [INFO] IPUIPlugin:80 - create IPUIPlugin
2024-07-23 12:45:55,279 [INFO] PluginManager:220 - loadIPPluginJar : add i2s
2024-07-23 12:45:55,382 [INFO] IPUIPlugin:80 - create IPUIPlugin
2024-07-23 12:45:55,382 [INFO] PluginManager:220 - loadIPPluginJar : add i3c
2024-07-23 12:45:55,671 [INFO] IPUIPlugin:80 - create IPUIPlugin
2024-07-23 12:45:55,671 [INFO] PluginManager:220 - loadIPPluginJar : add ipddr
2024-07-23 12:45:55,865 [INFO] IPUIPlugin:80 - create IPUIPlugin
2024-07-23 12:45:55,865 [INFO] PluginManager:220 - loadIPPluginJar : add linkedlist
2024-07-23 12:45:55,938 [INFO] IPUIPlugin:80 - create IPUIPlugin
2024-07-23 12:45:55,938 [INFO] PluginManager:220 - loadIPPluginJar : add lorawan
2024-07-23 12:45:56,043 [INFO] IPUIPlugin:80 - create IPUIPlugin
2024-07-23 12:45:56,043 [INFO] PluginManager:220 - loadIPPluginJar : add ltdc
2024-07-23 12:45:56,075 [INFO] IPUIPlugin:80 - create IPUIPlugin
2024-07-23 12:45:56,075 [INFO] PluginManager:220 - loadIPPluginJar : add mdma
2024-07-23 12:45:56,098 [INFO] IPUIPlugin:80 - create IPUIPlugin
2024-07-23 12:45:56,099 [INFO] PluginManager:220 - loadIPPluginJar : add nvic
2024-07-23 12:45:56,175 [INFO] IPUIPlugin:80 - create IPUIPlugin
2024-07-23 12:45:56,176 [INFO] PluginManager:220 - loadIPPluginJar : add opamp
2024-07-23 12:45:56,301 [INFO] IPUIPlugin:80 - create IPUIPlugin
2024-07-23 12:45:56,301 [INFO] PluginManager:220 - loadIPPluginJar : add openamp
2024-07-23 12:45:56,386 [INFO] IPUIPlugin:80 - create IPUIPlugin
2024-07-23 12:45:56,386 [INFO] PluginManager:220 - loadIPPluginJar : add pdm2pcm
2024-07-23 12:45:56,406 [INFO] IPUIPlugin:80 - create IPUIPlugin
2024-07-23 12:45:56,410 [INFO] PluginManager:220 - loadIPPluginJar : add plateformsettings
2024-07-23 12:45:56,450 [INFO] IPUIPlugin:80 - create IPUIPlugin
2024-07-23 12:45:56,451 [INFO] PluginManager:220 - loadIPPluginJar : add quadspi
2024-07-23 12:45:56,528 [INFO] IPUIPlugin:80 - create IPUIPlugin
2024-07-23 12:45:56,529 [INFO] PluginManager:220 - loadIPPluginJar : add radio
2024-07-23 12:45:56,551 [INFO] IPUIPlugin:80 - create IPUIPlugin
2024-07-23 12:45:56,551 [INFO] PluginManager:220 - loadIPPluginJar : add resmgrutility
2024-07-23 12:45:56,632 [INFO] IPUIPlugin:80 - create IPUIPlugin
2024-07-23 12:45:56,632 [INFO] PluginManager:220 - loadIPPluginJar : add sai
2024-07-23 12:45:56,749 [INFO] IPUIPlugin:80 - create IPUIPlugin
2024-07-23 12:45:56,749 [INFO] PluginManager:220 - loadIPPluginJar : add spi
2024-07-23 12:45:56,891 [INFO] IPUIPlugin:80 - create IPUIPlugin
2024-07-23 12:45:56,891 [INFO] PluginManager:220 - loadIPPluginJar : add stm32_wpan
2024-07-23 12:45:56,961 [INFO] IPUIPlugin:80 - create IPUIPlugin
2024-07-23 12:45:56,961 [INFO] PluginManager:220 - loadIPPluginJar : add tim
2024-07-23 12:45:57,100 [INFO] IPUIPlugin:80 - create IPUIPlugin
2024-07-23 12:45:57,101 [INFO] PluginManager:220 - loadIPPluginJar : add touchsensing
2024-07-23 12:45:57,143 [INFO] IPUIPlugin:80 - create IPUIPlugin
2024-07-23 12:45:57,144 [INFO] PluginManager:220 - loadIPPluginJar : add tracer_emb
2024-07-23 12:45:57,187 [INFO] IPUIPlugin:80 - create IPUIPlugin
2024-07-23 12:45:57,187 [INFO] PluginManager:220 - loadIPPluginJar : add ts
2024-07-23 12:45:57,228 [INFO] IPUIPlugin:80 - create IPUIPlugin
2024-07-23 12:45:57,228 [INFO] PluginManager:220 - loadIPPluginJar : add tsc
2024-07-23 12:45:57,291 [INFO] IPUIPlugin:80 - create IPUIPlugin
2024-07-23 12:45:57,292 [INFO] PluginManager:220 - loadIPPluginJar : add ucpd
2024-07-23 12:45:57,410 [INFO] IPUIPlugin:80 - create IPUIPlugin
2024-07-23 12:45:57,410 [INFO] PluginManager:220 - loadIPPluginJar : add usart
2024-07-23 12:45:57,510 [INFO] IPUIPlugin:80 - create IPUIPlugin
2024-07-23 12:45:57,510 [INFO] PluginManager:220 - loadIPPluginJar : add usbx
2024-07-23 12:45:57,707 [INFO] CADModel:165 - CPN selected for project level
2024-07-23 12:45:57,707 [INFO] CADModel:114 - Register for checkConnection events
2024-07-23 12:45:57,708 [FATAL] Updater:334 - Updater called before beeing initialized
2024-07-23 12:45:57,708 [ERROR] CADModel:125 - Updater not yet initialized, retry later 
2024-07-23 12:45:57,720 [INFO] ThirdPartyUpdaterWithRetryManager:70 - Updater plugin not ready yet. [3/15]
2024-07-23 12:45:57,965 [INFO] CADModel:165 - CPN selected for project level
2024-07-23 12:45:57,965 [INFO] CADModel:114 - Register for checkConnection events
2024-07-23 12:45:57,965 [FATAL] Updater:334 - Updater called before beeing initialized
2024-07-23 12:45:57,965 [ERROR] CADModel:125 - Updater not yet initialized, retry later 
2024-07-23 12:45:57,971 [FATAL] Updater:334 - Updater called before beeing initialized
2024-07-23 12:45:58,140 [FATAL] Updater:334 - Updater called before beeing initialized
2024-07-23 12:45:58,153 [INFO] DbMcusAds:53 - JSON generation date=Thu May 16 12:22:01 MSK 2024 (1715851321109)
2024-07-23 12:45:58,154 [FATAL] Updater:334 - Updater called before beeing initialized
2024-07-23 12:45:58,228 [WARN] DetailPanel:346 - Failed to get advertising image, set to default
2024-07-23 12:45:58,400 [FATAL] Updater:334 - Updater called before beeing initialized
2024-07-23 12:45:58,403 [FATAL] Updater:334 - Updater called before beeing initialized
2024-07-23 12:45:58,403 [FATAL] Updater:334 - Updater called before beeing initialized
2024-07-23 12:45:58,403 [WARN] DetailPanel:346 - Failed to get advertising image, set to default
2024-07-23 12:45:58,406 [FATAL] Updater:334 - Updater called before beeing initialized
2024-07-23 12:45:58,514 [ERROR] Updater:1164 - MainUpdater not yet initialized. External WinMGr cannot be set.
2024-07-23 12:45:58,549 [INFO] Updater:1100 - Updater Version found : 6.12.0
2024-07-23 12:45:58,588 [INFO] ApplicationProperties:184 - Using Application install path: C:\ST\STM32CubeIDE_1.16.0\STM32CubeIDE\plugins\com.st.stm32cube.common.mx_6.12.0.202406281431
2024-07-23 12:45:59,078 [INFO] MainUpdater:2873 - connection check result : 22
2024-07-23 12:45:59,079 [INFO] MainUpdater:290 - Updater Check For Update Now.
2024-07-23 12:45:59,079 [INFO] MicroXplorer:498 - Change Database Version : DB.6.0.120
2024-07-23 12:45:59,148 [INFO] McuFinderGlobals:63 - Set McuFinder mode to 2 (CubeIDE integrated)
2024-07-23 12:45:59,162 [INFO] UserAuth:417 - Internet connection configuration mode: 2
2024-07-23 12:45:59,213 [INFO] UserAuth:417 - Internet connection configuration mode: 2
2024-07-23 12:45:59,590 [INFO] CheckServerUpdateThread:120 - End of CheckServer Thread
2024-07-23 12:46:00,952 [WARN] PackLoader:240 - Cannot read IP mode file for emotas.I-CUBE-CANOPEN.1.3.0
2024-07-23 12:46:00,993 [WARN] PackLoader:240 - Cannot read IP mode file for EmbeddedOffice.I-CUBE-FS-RTOS.1.0.1
2024-07-23 12:46:00,994 [ERROR] ConditionMgr:805 - Attr not supported : Dmpu
2024-07-23 12:46:00,994 [ERROR] ConditionMgr:805 - Attr not supported : Dmpu
2024-07-23 12:46:00,995 [ERROR] ConditionMgr:805 - Attr not supported : Dmpu
2024-07-23 12:46:00,995 [ERROR] ConditionMgr:805 - Attr not supported : Dmpu
2024-07-23 12:46:00,995 [ERROR] ConditionMgr:805 - Attr not supported : Dmpu
2024-07-23 12:46:00,995 [ERROR] ConditionMgr:805 - Attr not supported : Dmpu
2024-07-23 12:46:00,995 [ERROR] ConditionMgr:805 - Attr not supported : Dmpu
2024-07-23 12:46:00,995 [ERROR] ConditionMgr:805 - Attr not supported : Dmpu
2024-07-23 12:46:00,995 [ERROR] ConditionMgr:805 - Attr not supported : Dmpu
2024-07-23 12:46:00,995 [ERROR] ConditionMgr:805 - Attr not supported : Dmpu
2024-07-23 12:46:00,996 [ERROR] ConditionMgr:805 - Attr not supported : Dmpu
2024-07-23 12:46:00,996 [ERROR] ConditionMgr:805 - Attr not supported : Dmpu
2024-07-23 12:46:00,996 [ERROR] ConditionMgr:805 - Attr not supported : Dmpu
2024-07-23 12:46:00,996 [ERROR] ConditionMgr:805 - Attr not supported : Dmpu
2024-07-23 12:46:00,996 [ERROR] ConditionMgr:805 - Attr not supported : Dmpu
2024-07-23 12:46:00,996 [ERROR] ConditionMgr:805 - Attr not supported : Dmpu
2024-07-23 12:46:00,997 [ERROR] ConditionMgr:805 - Attr not supported : Dmpu
2024-07-23 12:46:00,997 [ERROR] ConditionMgr:805 - Attr not supported : Dmpu
2024-07-23 12:46:00,997 [ERROR] ConditionMgr:805 - Attr not supported : Dmpu
2024-07-23 12:46:00,997 [ERROR] ConditionMgr:805 - Attr not supported : Dmpu
2024-07-23 12:46:00,997 [ERROR] ConditionMgr:805 - Attr not supported : Dmpu
2024-07-23 12:46:00,997 [ERROR] ConditionMgr:805 - Attr not supported : Dmpu
2024-07-23 12:46:00,997 [ERROR] ConditionMgr:805 - Attr not supported : Dmpu
2024-07-23 12:46:00,997 [ERROR] ConditionMgr:805 - Attr not supported : Dmpu
2024-07-23 12:46:00,998 [ERROR] ConditionMgr:805 - Attr not supported : Dmpu
2024-07-23 12:46:00,998 [ERROR] ConditionMgr:805 - Attr not supported : Dmpu
2024-07-23 12:46:00,998 [ERROR] ConditionMgr:805 - Attr not supported : Dmpu
2024-07-23 12:46:00,998 [ERROR] ConditionMgr:805 - Attr not supported : Dmpu
2024-07-23 12:46:00,998 [ERROR] ConditionMgr:805 - Attr not supported : Dmpu
2024-07-23 12:46:00,998 [ERROR] ConditionMgr:805 - Attr not supported : Dmpu
2024-07-23 12:46:00,998 [ERROR] ConditionMgr:805 - Attr not supported : Dmpu
2024-07-23 12:46:00,998 [ERROR] ConditionMgr:805 - Attr not supported : Dmpu
2024-07-23 12:46:00,999 [ERROR] ConditionMgr:805 - Attr not supported : Dmpu
2024-07-23 12:46:00,999 [ERROR] ConditionMgr:805 - Attr not supported : Dmpu
2024-07-23 12:46:00,999 [ERROR] ConditionMgr:805 - Attr not supported : Dmpu
2024-07-23 12:46:00,999 [ERROR] ConditionMgr:805 - Attr not supported : Dmpu
2024-07-23 12:46:00,999 [ERROR] ConditionMgr:805 - Attr not supported : Dmpu
2024-07-23 12:46:01,000 [ERROR] ConditionMgr:805 - Attr not supported : Dmpu
2024-07-23 12:46:01,000 [ERROR] ConditionMgr:805 - Attr not supported : Dmpu
2024-07-23 12:46:01,000 [ERROR] ConditionMgr:805 - Attr not supported : Dmpu
2024-07-23 12:46:01,000 [ERROR] ConditionMgr:805 - Attr not supported : Dmpu
2024-07-23 12:46:01,000 [ERROR] ConditionMgr:805 - Attr not supported : Dmpu
2024-07-23 12:46:01,000 [ERROR] ConditionMgr:805 - Attr not supported : Dmpu
2024-07-23 12:46:01,000 [ERROR] ConditionMgr:805 - Attr not supported : Dmpu
2024-07-23 12:46:01,001 [ERROR] ConditionMgr:805 - Attr not supported : Dmpu
2024-07-23 12:46:01,001 [ERROR] ConditionMgr:805 - Attr not supported : Dmpu
2024-07-23 12:46:01,001 [ERROR] ConditionMgr:805 - Attr not supported : Dmpu
2024-07-23 12:46:01,001 [ERROR] ConditionMgr:805 - Attr not supported : Dmpu
2024-07-23 12:46:01,001 [ERROR] ConditionMgr:805 - Attr not supported : Dmpu
2024-07-23 12:46:01,001 [ERROR] ConditionMgr:805 - Attr not supported : Dmpu
2024-07-23 12:46:01,001 [ERROR] ConditionMgr:805 - Attr not supported : Dmpu
2024-07-23 12:46:01,001 [ERROR] ConditionMgr:805 - Attr not supported : Dmpu
2024-07-23 12:46:01,001 [ERROR] ConditionMgr:805 - Attr not supported : Dmpu
2024-07-23 12:46:01,002 [ERROR] ConditionMgr:805 - Attr not supported : Dmpu
2024-07-23 12:46:01,002 [ERROR] ConditionMgr:805 - Attr not supported : Dmpu
2024-07-23 12:46:01,002 [ERROR] ConditionMgr:805 - Attr not supported : Dmpu
2024-07-23 12:46:01,002 [ERROR] ConditionMgr:805 - Attr not supported : Dmpu
2024-07-23 12:46:01,002 [ERROR] ConditionMgr:805 - Attr not supported : Dmpu
2024-07-23 12:46:01,003 [ERROR] ConditionMgr:805 - Attr not supported : Dmpu
2024-07-23 12:46:01,003 [ERROR] ConditionMgr:805 - Attr not supported : Dmpu
2024-07-23 12:46:01,003 [ERROR] ConditionMgr:805 - Attr not supported : Dmpu
2024-07-23 12:46:01,003 [ERROR] ConditionMgr:805 - Attr not supported : Dmpu
2024-07-23 12:46:01,003 [ERROR] ConditionMgr:805 - Attr not supported : Dmpu
2024-07-23 12:46:01,003 [ERROR] ConditionMgr:805 - Attr not supported : Dmpu
2024-07-23 12:46:01,039 [WARN] PackLoader:240 - Cannot read IP mode file for RealThread.X-CUBE-RT-Thread_Nano.4.1.1
2024-07-23 12:46:01,175 [WARN] PackLoader:240 - Cannot read IP mode file for SEGGER.I-CUBE-embOS.1.3.1
2024-07-23 12:46:01,429 [WARN] PackLoader:240 - Cannot read IP mode file for Cesanta.I-CUBE-Mongoose.7.13.0
2024-07-23 12:46:01,510 [WARN] PackLoader:240 - Cannot read IP mode file for portGmbH.I-Cube-SoM-uGOAL.1.1.0
2024-07-23 12:46:01,909 [WARN] PackLoader:240 - Cannot read IP mode file for Infineon.AIROC-Wi-Fi-Bluetooth-STM32.1.6.0
2024-07-23 12:46:01,939 [INFO] ThirdParty:978 - Integrity check success = true
2024-07-23 12:46:01,939 [INFO] IntegrityCheckThread:100 - exiting critical section [integrity check]
2024-07-23 12:46:01,939 [INFO] IntegrityCheckThread:103 - End integrity checks thread
2024-07-23 17:02:58,060 [ERROR] ConfigurationRetriever:142 - IOException on connection: Connection refused: getsockopt
2024-07-23 17:02:58,091 [ERROR] ConfigurationRetriever:142 - IOException on connection: Connection refused: getsockopt
2024-07-23 17:02:58,092 [ERROR] ConfigurationRetriever:142 - IOException on connection: Connection refused: getsockopt
