2024-07-31 15:00:48,050 [INFO] Activator:176 - 


2024-07-31 15:00:48,055 [INFO] Activator:177 - !SESSION log4j initialized
2024-07-31 15:00:52,911 [INFO] LogOutputStream:77 - [STDOUT_REDIRECT] 
2024-07-31 15:00:53,368 [ERROR] ConfigurationRetriever:142 - IOException on connection: Connection refused: getsockopt
2024-07-31 15:00:53,384 [ERROR] ConfigurationRetriever:142 - IOException on connection: Connection refused: getsockopt
2024-07-31 15:00:53,416 [ERROR] ConfigurationRetriever:142 - IOException on connection: Connection refused: getsockopt
2024-07-31 15:01:01,467 [INFO] ApplicationProperties:184 - Using Application install path: C:\ST\STM32CubeIDE_1.16.0\STM32CubeIDE\plugins\com.st.stm32cube.common.mx_6.12.0.202406281431
2024-07-31 15:01:01,499 [INFO] DbMcusXml:78 - Set database path to: C:\ST\STM32CubeIDE_1.16.0\STM32CubeIDE\plugins\com.st.stm32cube.common.mx_6.12.0.202406281431\\db\/mcu/
2024-07-31 15:01:01,500 [INFO] ApiDb:274 - Set plugin database path to: C:\ST\STM32CubeIDE_1.16.0\STM32CubeIDE\plugins\com.st.stm32cube.common.mx_6.12.0.202406281431\\db\/plugins/boardmanager/
2024-07-31 15:01:01,500 [WARN] ApiDb:259 - Overriding images path with different value:  => C:\ST\STM32CubeIDE_1.16.0\STM32CubeIDE\plugins\com.st.stm32cube.common.mx_6.12.0.202406281431\\db\/plugins/mcufinder/images/
2024-07-31 15:01:01,522 [INFO] ApiDb:250 - Set database path to: C:\Users\Alex\.stmcufinder\plugins\mcufinder//mcu/
2024-07-31 15:01:01,525 [INFO] DbMcusAds:125 - Set database path to: C:\Users\Alex\.stmcufinder\plugins\mcufinder//mcu/
2024-07-31 15:01:01,531 [INFO] CrossReferenceDbSqlite:203 - Set database path to: C:\Users\Alex\.stmcufinder\plugins\mcufinder//mcu/cs/
2024-07-31 15:01:01,820 [INFO] RulesReader:64 - Compatibility file has been processed (297 Rules)
2024-07-31 15:01:01,970 [INFO] DbMcusXml:78 - Set database path to: C:\ST\STM32CubeIDE_1.16.0\STM32CubeIDE\plugins\com.st.stm32cube.common.mx_6.12.0.202406281431\\db\/mcu/
2024-07-31 15:01:01,971 [INFO] ApiDb:274 - Set plugin database path to: C:\ST\STM32CubeIDE_1.16.0\STM32CubeIDE\plugins\com.st.stm32cube.common.mx_6.12.0.202406281431\\db\/plugins/boardmanager/
2024-07-31 15:01:01,971 [INFO] ApiDb:261 - Set plugin images path to: C:\ST\STM32CubeIDE_1.16.0\STM32CubeIDE\plugins\com.st.stm32cube.common.mx_6.12.0.202406281431\\db\/plugins/mcufinder/images/
2024-07-31 15:01:01,972 [WARN] DbFile:41 - Overriding database path with different value: C:\Users\Alex\.stmcufinder\plugins\mcufinder/ => C:\Users\Alex\.stmcufinder\plugins\mcufinder
2024-07-31 15:01:01,972 [INFO] ApiDb:250 - Set database path to: C:\Users\Alex\.stmcufinder\plugins\mcufinder//mcu/
2024-07-31 15:01:01,972 [WARN] DbFile:41 - Overriding database path with different value: C:\Users\Alex\.stmcufinder\plugins\mcufinder/ => C:\Users\Alex\.stmcufinder\plugins\mcufinder
2024-07-31 15:01:01,972 [INFO] DbMcusAds:125 - Set database path to: C:\Users\Alex\.stmcufinder\plugins\mcufinder//mcu/
2024-07-31 15:01:01,973 [WARN] DbFile:41 - Overriding database path with different value: C:\Users\Alex\.stmcufinder\plugins\mcufinder/ => C:\Users\Alex\.stmcufinder\plugins\mcufinder
2024-07-31 15:01:01,973 [WARN] DbFile:41 - Overriding database path with different value: C:\Users\Alex\.stmcufinder\plugins\mcufinder/ => C:\Users\Alex\.stmcufinder\plugins\mcufinder
2024-07-31 15:01:01,973 [INFO] CrossReferenceDbSqlite:203 - Set database path to: C:\Users\Alex\.stmcufinder\plugins\mcufinder//mcu/cs/
2024-07-31 15:01:02,199 [INFO] MainPanel:268 - HeapMemory: 268435456
2024-07-31 15:01:02,435 [INFO] DbMcusXml:78 - Set database path to: C:\ST\STM32CubeIDE_1.16.0\STM32CubeIDE\plugins\com.st.stm32cube.common.mx_6.12.0.202406281431\\db\/mcu/
2024-07-31 15:01:02,435 [INFO] ApiDb:274 - Set plugin database path to: C:\ST\STM32CubeIDE_1.16.0\STM32CubeIDE\plugins\com.st.stm32cube.common.mx_6.12.0.202406281431\\db\/plugins/boardmanager/
2024-07-31 15:01:02,436 [INFO] ApiDb:261 - Set plugin images path to: C:\ST\STM32CubeIDE_1.16.0\STM32CubeIDE\plugins\com.st.stm32cube.common.mx_6.12.0.202406281431\\db\/plugins/mcufinder/images/
2024-07-31 15:01:02,437 [WARN] DbFile:41 - Overriding database path with different value: C:\Users\Alex\.stmcufinder\plugins\mcufinder/ => C:\Users\Alex\.stmcufinder\plugins\mcufinder
2024-07-31 15:01:02,437 [INFO] ApiDb:250 - Set database path to: C:\Users\Alex\.stmcufinder\plugins\mcufinder//mcu/
2024-07-31 15:01:02,438 [WARN] DbFile:41 - Overriding database path with different value: C:\Users\Alex\.stmcufinder\plugins\mcufinder/ => C:\Users\Alex\.stmcufinder\plugins\mcufinder
2024-07-31 15:01:02,438 [INFO] DbMcusAds:125 - Set database path to: C:\Users\Alex\.stmcufinder\plugins\mcufinder//mcu/
2024-07-31 15:01:02,438 [WARN] DbFile:41 - Overriding database path with different value: C:\Users\Alex\.stmcufinder\plugins\mcufinder/ => C:\Users\Alex\.stmcufinder\plugins\mcufinder
2024-07-31 15:01:02,438 [WARN] DbFile:41 - Overriding database path with different value: C:\Users\Alex\.stmcufinder\plugins\mcufinder/ => C:\Users\Alex\.stmcufinder\plugins\mcufinder
2024-07-31 15:01:02,438 [INFO] CrossReferenceDbSqlite:203 - Set database path to: C:\Users\Alex\.stmcufinder\plugins\mcufinder//mcu/cs/
2024-07-31 15:01:02,469 [INFO] ApplicationProperties:184 - Using Application install path: C:\ST\STM32CubeIDE_1.16.0\STM32CubeIDE\plugins\com.st.stm32cube.common.mx_6.12.0.202406281431
2024-07-31 15:01:02,471 [INFO] PluginManage:196 - Search for loadable plugins [exclusion list=, ]
2024-07-31 15:01:02,475 [INFO] PluginManage:310 - Check plugin analytics
2024-07-31 15:01:02,992 [INFO] AnalyticsPlugin:253 - Accepted Software Licenses: STM32CubeMX.6.12.0
2024-07-31 15:01:02,993 [INFO] AnalyticsPlugin:255 - Accepted CMSIS Pack Licenses: 
2024-07-31 15:01:02,993 [INFO] AnalyticsPlugin:257 - Accepted Firmware Licenses: FW.G4.1.6.0,FW.F4.1.28.0
2024-07-31 15:01:02,998 [INFO] PluginManage:359 - Loaded plugin analytics (category:tool,tabindex:-1)
2024-07-31 15:01:02,999 [INFO] PluginManage:310 - Check plugin cadmodel
2024-07-31 15:01:03,004 [ERROR] ConfigurationRetriever:142 - IOException on connection: Connection refused: getsockopt
2024-07-31 15:01:03,006 [ERROR] ConfigurationRetriever:142 - IOException on connection: Connection refused: getsockopt
2024-07-31 15:01:03,007 [ERROR] ConfigurationRetriever:142 - IOException on connection: Connection refused: getsockopt
2024-07-31 15:01:03,034 [INFO] CADModel:105 - Init CAD model plugin
2024-07-31 15:01:03,034 [INFO] PluginManage:359 - Loaded plugin cadmodel (category:power,tabindex:5)
2024-07-31 15:01:03,035 [INFO] PluginManage:310 - Check plugin clock
2024-07-31 15:01:03,065 [INFO] PluginManage:359 - Loaded plugin clock (category:base,tabindex:2)
2024-07-31 15:01:03,066 [INFO] PluginManage:310 - Check plugin ddr
2024-07-31 15:01:03,070 [INFO] PluginManage:359 - Loaded plugin ddr (category:tool,tabindex:6)
2024-07-31 15:01:03,071 [INFO] PluginManage:310 - Check plugin filemanager
2024-07-31 15:01:03,326 [INFO] PluginManage:359 - Loaded plugin filemanager (category:base,tabindex:10)
2024-07-31 15:01:03,327 [INFO] PluginManage:310 - Check plugin ipmanager
2024-07-31 15:01:03,342 [INFO] PluginManage:359 - Loaded plugin ipmanager (category:base,tabindex:5)
2024-07-31 15:01:03,343 [INFO] PluginManage:310 - Check plugin lpbam
2024-07-31 15:01:03,384 [INFO] PluginManage:359 - Loaded plugin lpbam (category:base,tabindex:0)
2024-07-31 15:01:03,385 [INFO] PluginManage:310 - Check plugin memorymap
2024-07-31 15:01:03,436 [INFO] PluginManage:359 - Loaded plugin memorymap (category:base,tabindex:4)
2024-07-31 15:01:03,436 [INFO] PluginManage:310 - Check plugin pinoutandconfiguration
2024-07-31 15:01:03,460 [INFO] PluginManage:359 - Loaded plugin pinoutandconfiguration (category:base,tabindex:1)
2024-07-31 15:01:03,461 [INFO] PluginManage:310 - Check plugin pinoutconfig
2024-07-31 15:01:03,664 [WARN] SupportedApi:132 - Cannot load RTOS API schema: s4s-elt-must-match.1: The content of 'definitions' must match (annotation?, (simpleType | complexType)?, (unique | key | keyref)*)). A problem was found starting at: attribute.
2024-07-31 15:01:03,978 [INFO] PluginManage:359 - Loaded plugin pinoutconfig (category:base,tabindex:0)
2024-07-31 15:01:03,979 [INFO] PluginManage:310 - Check plugin power
2024-07-31 15:01:04,018 [INFO] PluginManage:359 - Loaded plugin power (category:power,tabindex:4)
2024-07-31 15:01:04,018 [INFO] PluginManage:310 - Check plugin projectmanager
2024-07-31 15:01:04,064 [INFO] PluginManage:359 - Loaded plugin projectmanager (category:projectmanager,tabindex:4)
2024-07-31 15:01:04,065 [INFO] PluginManage:310 - Check plugin rif
2024-07-31 15:01:04,098 [INFO] PluginManage:359 - Loaded plugin rif (category:base,tabindex:3)
2024-07-31 15:01:04,098 [INFO] PluginManage:310 - Check plugin thirdparty
2024-07-31 15:01:04,686 [INFO] PluginManage:359 - Loaded plugin thirdparty (category:base,tabindex:-1)
2024-07-31 15:01:04,688 [INFO] PluginManage:310 - Check plugin tools
2024-07-31 15:01:04,686 [WARN] IntegrityCheckThread:84 - waiting for thirdparty lock release [integrity check]
2024-07-31 15:01:04,689 [INFO] IntegrityCheckThread:86 - entering critical section [integrity check]
2024-07-31 15:01:04,690 [INFO] ThirdPartyUpdaterWithRetryManager:70 - Updater plugin not ready yet. [1/15]
2024-07-31 15:01:04,771 [INFO] PluginManage:359 - Loaded plugin tools (category:base,tabindex:7)
2024-07-31 15:01:04,771 [INFO] PluginManage:310 - Check plugin tutovideos
2024-07-31 15:01:05,189 [INFO] PluginManage:359 - Loaded plugin tutovideos (category:base,tabindex:-1)
2024-07-31 15:01:05,190 [INFO] PluginManage:310 - Check plugin updater
2024-07-31 15:01:05,291 [INFO] PluginManage:359 - Loaded plugin updater (category:base,tabindex:12)
2024-07-31 15:01:05,291 [INFO] PluginManage:310 - Check plugin userauth
2024-07-31 15:01:05,310 [INFO] UserAuth:113 - Init User Auth plugin
2024-07-31 15:01:05,310 [INFO] PluginManage:359 - Loaded plugin userauth (category:base,tabindex:14)
2024-07-31 15:01:05,311 [INFO] PluginManage:283 - PluginManage : Loaded plugins [18]
2024-07-31 15:01:05,910 [INFO] PinOutPanel:1561 - setPackage(No Configuration,No Configuration)
2024-07-31 15:01:06,105 [INFO] CADModel:165 - CPN selected for project level
2024-07-31 15:01:06,105 [INFO] CADModel:114 - Register for checkConnection events
2024-07-31 15:01:06,157 [INFO] IPUIPlugin:80 - create IPUIPlugin
2024-07-31 15:01:06,157 [INFO] PluginManager:220 - loadIPPluginJar : add adc
2024-07-31 15:01:06,223 [INFO] IPUIPlugin:80 - create IPUIPlugin
2024-07-31 15:01:06,223 [INFO] PluginManager:220 - loadIPPluginJar : add aes
2024-07-31 15:01:06,350 [INFO] IPUIPlugin:80 - create IPUIPlugin
2024-07-31 15:01:06,350 [INFO] PluginManager:220 - loadIPPluginJar : add can
2024-07-31 15:01:06,416 [INFO] IPUIPlugin:80 - create IPUIPlugin
2024-07-31 15:01:06,416 [INFO] PluginManager:220 - loadIPPluginJar : add comp
2024-07-31 15:01:06,525 [INFO] IPUIPlugin:80 - create IPUIPlugin
2024-07-31 15:01:06,526 [INFO] PluginManager:220 - loadIPPluginJar : add cryp
2024-07-31 15:01:06,559 [INFO] IPUIPlugin:80 - create IPUIPlugin
2024-07-31 15:01:06,559 [INFO] PluginManager:220 - loadIPPluginJar : add ddr_ctrl_phy
2024-07-31 15:01:06,636 [INFO] IPUIPlugin:80 - create IPUIPlugin
2024-07-31 15:01:06,637 [INFO] PluginManager:220 - loadIPPluginJar : add dfsdm
2024-07-31 15:01:06,662 [INFO] IPUIPlugin:80 - create IPUIPlugin
2024-07-31 15:01:06,663 [INFO] PluginManager:220 - loadIPPluginJar : add dma
2024-07-31 15:01:06,764 [INFO] IPUIPlugin:80 - create IPUIPlugin
2024-07-31 15:01:06,764 [INFO] PluginManager:220 - loadIPPluginJar : add dma3
2024-07-31 15:01:06,869 [INFO] IPUIPlugin:80 - create IPUIPlugin
2024-07-31 15:01:06,870 [INFO] PluginManager:220 - loadIPPluginJar : add extmemmanager
2024-07-31 15:01:06,923 [INFO] IPUIPlugin:80 - create IPUIPlugin
2024-07-31 15:01:06,923 [INFO] PluginManager:220 - loadIPPluginJar : add fatfs
2024-07-31 15:01:07,069 [INFO] IPUIPlugin:80 - create IPUIPlugin
2024-07-31 15:01:07,069 [INFO] PluginManager:220 - loadIPPluginJar : add fmc
2024-07-31 15:01:07,095 [INFO] IPUIPlugin:80 - create IPUIPlugin
2024-07-31 15:01:07,095 [INFO] PluginManager:220 - loadIPPluginJar : add freertos
2024-07-31 15:01:07,147 [INFO] IPUIPlugin:80 - create IPUIPlugin
2024-07-31 15:01:07,147 [INFO] PluginManager:220 - loadIPPluginJar : add genericplugin
2024-07-31 15:01:07,435 [INFO] IPUIPlugin:80 - create IPUIPlugin
2024-07-31 15:01:07,435 [INFO] PluginManager:220 - loadIPPluginJar : add gfxmmu
2024-07-31 15:01:07,696 [INFO] ThirdPartyUpdaterWithRetryManager:70 - Updater plugin not ready yet. [2/15]
2024-07-31 15:01:07,852 [INFO] IPUIPlugin:80 - create IPUIPlugin
2024-07-31 15:01:07,853 [INFO] PluginManager:220 - loadIPPluginJar : add gic
2024-07-31 15:01:07,884 [INFO] IPUIPlugin:80 - create IPUIPlugin
2024-07-31 15:01:07,884 [INFO] PluginManager:220 - loadIPPluginJar : add gpio
2024-07-31 15:01:08,158 [INFO] IPUIPlugin:80 - create IPUIPlugin
2024-07-31 15:01:08,159 [INFO] PluginManager:220 - loadIPPluginJar : add gtzc
2024-07-31 15:01:08,268 [INFO] IPUIPlugin:80 - create IPUIPlugin
2024-07-31 15:01:08,269 [INFO] PluginManager:220 - loadIPPluginJar : add hash
2024-07-31 15:01:08,398 [INFO] IPUIPlugin:80 - create IPUIPlugin
2024-07-31 15:01:08,398 [INFO] PluginManager:220 - loadIPPluginJar : add i2c
2024-07-31 15:01:08,507 [INFO] IPUIPlugin:80 - create IPUIPlugin
2024-07-31 15:01:08,508 [INFO] PluginManager:220 - loadIPPluginJar : add i2s
2024-07-31 15:01:08,639 [INFO] IPUIPlugin:80 - create IPUIPlugin
2024-07-31 15:01:08,640 [INFO] PluginManager:220 - loadIPPluginJar : add i3c
2024-07-31 15:01:08,946 [INFO] IPUIPlugin:80 - create IPUIPlugin
2024-07-31 15:01:08,948 [INFO] PluginManager:220 - loadIPPluginJar : add ipddr
2024-07-31 15:01:09,228 [INFO] IPUIPlugin:80 - create IPUIPlugin
2024-07-31 15:01:09,228 [INFO] PluginManager:220 - loadIPPluginJar : add linkedlist
2024-07-31 15:01:09,330 [INFO] IPUIPlugin:80 - create IPUIPlugin
2024-07-31 15:01:09,332 [INFO] PluginManager:220 - loadIPPluginJar : add lorawan
2024-07-31 15:01:09,442 [INFO] IPUIPlugin:80 - create IPUIPlugin
2024-07-31 15:01:09,443 [INFO] PluginManager:220 - loadIPPluginJar : add ltdc
2024-07-31 15:01:09,474 [INFO] IPUIPlugin:80 - create IPUIPlugin
2024-07-31 15:01:09,475 [INFO] PluginManager:220 - loadIPPluginJar : add mdma
2024-07-31 15:01:09,493 [INFO] IPUIPlugin:80 - create IPUIPlugin
2024-07-31 15:01:09,494 [INFO] PluginManager:220 - loadIPPluginJar : add nvic
2024-07-31 15:01:09,600 [INFO] IPUIPlugin:80 - create IPUIPlugin
2024-07-31 15:01:09,601 [INFO] PluginManager:220 - loadIPPluginJar : add opamp
2024-07-31 15:01:09,793 [INFO] IPUIPlugin:80 - create IPUIPlugin
2024-07-31 15:01:09,793 [INFO] PluginManager:220 - loadIPPluginJar : add openamp
2024-07-31 15:01:09,900 [INFO] IPUIPlugin:80 - create IPUIPlugin
2024-07-31 15:01:09,900 [INFO] PluginManager:220 - loadIPPluginJar : add pdm2pcm
2024-07-31 15:01:09,932 [INFO] IPUIPlugin:80 - create IPUIPlugin
2024-07-31 15:01:09,936 [INFO] PluginManager:220 - loadIPPluginJar : add plateformsettings
2024-07-31 15:01:09,982 [INFO] IPUIPlugin:80 - create IPUIPlugin
2024-07-31 15:01:09,983 [INFO] PluginManager:220 - loadIPPluginJar : add quadspi
2024-07-31 15:01:10,038 [INFO] IPUIPlugin:80 - create IPUIPlugin
2024-07-31 15:01:10,039 [INFO] PluginManager:220 - loadIPPluginJar : add radio
2024-07-31 15:01:10,063 [INFO] IPUIPlugin:80 - create IPUIPlugin
2024-07-31 15:01:10,063 [INFO] PluginManager:220 - loadIPPluginJar : add resmgrutility
2024-07-31 15:01:10,193 [INFO] IPUIPlugin:80 - create IPUIPlugin
2024-07-31 15:01:10,193 [INFO] PluginManager:220 - loadIPPluginJar : add sai
2024-07-31 15:01:10,259 [INFO] IPUIPlugin:80 - create IPUIPlugin
2024-07-31 15:01:10,259 [INFO] PluginManager:220 - loadIPPluginJar : add spi
2024-07-31 15:01:10,415 [INFO] IPUIPlugin:80 - create IPUIPlugin
2024-07-31 15:01:10,416 [INFO] PluginManager:220 - loadIPPluginJar : add stm32_wpan
2024-07-31 15:01:10,483 [INFO] IPUIPlugin:80 - create IPUIPlugin
2024-07-31 15:01:10,483 [INFO] PluginManager:220 - loadIPPluginJar : add tim
2024-07-31 15:01:10,668 [INFO] IPUIPlugin:80 - create IPUIPlugin
2024-07-31 15:01:10,669 [INFO] PluginManager:220 - loadIPPluginJar : add touchsensing
2024-07-31 15:01:10,713 [INFO] ThirdPartyUpdaterWithRetryManager:70 - Updater plugin not ready yet. [3/15]
2024-07-31 15:01:10,736 [INFO] IPUIPlugin:80 - create IPUIPlugin
2024-07-31 15:01:10,737 [INFO] PluginManager:220 - loadIPPluginJar : add tracer_emb
2024-07-31 15:01:10,806 [INFO] IPUIPlugin:80 - create IPUIPlugin
2024-07-31 15:01:10,806 [INFO] PluginManager:220 - loadIPPluginJar : add ts
2024-07-31 15:01:10,870 [INFO] IPUIPlugin:80 - create IPUIPlugin
2024-07-31 15:01:10,870 [INFO] PluginManager:220 - loadIPPluginJar : add tsc
2024-07-31 15:01:10,930 [INFO] IPUIPlugin:80 - create IPUIPlugin
2024-07-31 15:01:10,930 [INFO] PluginManager:220 - loadIPPluginJar : add ucpd
2024-07-31 15:01:11,068 [INFO] IPUIPlugin:80 - create IPUIPlugin
2024-07-31 15:01:11,068 [INFO] PluginManager:220 - loadIPPluginJar : add usart
2024-07-31 15:01:11,199 [INFO] IPUIPlugin:80 - create IPUIPlugin
2024-07-31 15:01:11,199 [INFO] PluginManager:220 - loadIPPluginJar : add usbx
2024-07-31 15:01:11,397 [INFO] CADModel:165 - CPN selected for project level
2024-07-31 15:01:11,397 [INFO] CADModel:114 - Register for checkConnection events
2024-07-31 15:01:11,397 [FATAL] Updater:334 - Updater called before beeing initialized
2024-07-31 15:01:11,398 [ERROR] CADModel:125 - Updater not yet initialized, retry later 
2024-07-31 15:01:11,690 [INFO] CADModel:165 - CPN selected for project level
2024-07-31 15:01:11,691 [INFO] CADModel:114 - Register for checkConnection events
2024-07-31 15:01:11,691 [FATAL] Updater:334 - Updater called before beeing initialized
2024-07-31 15:01:11,691 [ERROR] CADModel:125 - Updater not yet initialized, retry later 
2024-07-31 15:01:11,697 [FATAL] Updater:334 - Updater called before beeing initialized
2024-07-31 15:01:11,962 [FATAL] Updater:334 - Updater called before beeing initialized
2024-07-31 15:01:11,989 [INFO] DbMcusAds:53 - JSON generation date=Thu May 16 12:22:01 MSK 2024 (1715851321109)
2024-07-31 15:01:11,989 [FATAL] Updater:334 - Updater called before beeing initialized
2024-07-31 15:01:12,050 [WARN] DetailPanel:346 - Failed to get advertising image, set to default
2024-07-31 15:01:12,231 [FATAL] Updater:334 - Updater called before beeing initialized
2024-07-31 15:01:12,236 [FATAL] Updater:334 - Updater called before beeing initialized
2024-07-31 15:01:12,236 [FATAL] Updater:334 - Updater called before beeing initialized
2024-07-31 15:01:12,236 [WARN] DetailPanel:346 - Failed to get advertising image, set to default
2024-07-31 15:01:12,239 [FATAL] Updater:334 - Updater called before beeing initialized
2024-07-31 15:01:12,379 [ERROR] Updater:1164 - MainUpdater not yet initialized. External WinMGr cannot be set.
2024-07-31 15:01:12,407 [INFO] Updater:1100 - Updater Version found : 6.12.0
2024-07-31 15:01:12,444 [INFO] ApplicationProperties:184 - Using Application install path: C:\ST\STM32CubeIDE_1.16.0\STM32CubeIDE\plugins\com.st.stm32cube.common.mx_6.12.0.202406281431
2024-07-31 15:01:13,113 [INFO] MainUpdater:2873 - connection check result : 22
2024-07-31 15:01:13,113 [INFO] MainUpdater:290 - Updater Check For Update Now.
2024-07-31 15:01:13,114 [INFO] MicroXplorer:498 - Change Database Version : DB.6.0.120
2024-07-31 15:01:13,153 [INFO] McuFinderGlobals:63 - Set McuFinder mode to 2 (CubeIDE integrated)
2024-07-31 15:01:13,155 [INFO] UserAuth:179 - activating auth plugin
2024-07-31 15:01:13,186 [INFO] UserAuth:417 - Internet connection configuration mode: 2
2024-07-31 15:01:13,243 [INFO] UserAuth:417 - Internet connection configuration mode: 2
2024-07-31 15:01:13,660 [INFO] CheckServerUpdateThread:120 - End of CheckServer Thread
2024-07-31 15:01:14,105 [WARN] PackLoader:240 - Cannot read IP mode file for emotas.I-CUBE-CANOPEN.1.3.0
2024-07-31 15:01:14,191 [WARN] PackLoader:240 - Cannot read IP mode file for EmbeddedOffice.I-CUBE-FS-RTOS.1.0.1
2024-07-31 15:01:14,193 [ERROR] ConditionMgr:805 - Attr not supported : Dmpu
2024-07-31 15:01:14,193 [ERROR] ConditionMgr:805 - Attr not supported : Dmpu
2024-07-31 15:01:14,193 [ERROR] ConditionMgr:805 - Attr not supported : Dmpu
2024-07-31 15:01:14,193 [ERROR] ConditionMgr:805 - Attr not supported : Dmpu
2024-07-31 15:01:14,194 [ERROR] ConditionMgr:805 - Attr not supported : Dmpu
2024-07-31 15:01:14,194 [ERROR] ConditionMgr:805 - Attr not supported : Dmpu
2024-07-31 15:01:14,194 [ERROR] ConditionMgr:805 - Attr not supported : Dmpu
2024-07-31 15:01:14,194 [ERROR] ConditionMgr:805 - Attr not supported : Dmpu
2024-07-31 15:01:14,195 [ERROR] ConditionMgr:805 - Attr not supported : Dmpu
2024-07-31 15:01:14,195 [ERROR] ConditionMgr:805 - Attr not supported : Dmpu
2024-07-31 15:01:14,195 [ERROR] ConditionMgr:805 - Attr not supported : Dmpu
2024-07-31 15:01:14,195 [ERROR] ConditionMgr:805 - Attr not supported : Dmpu
2024-07-31 15:01:14,195 [ERROR] ConditionMgr:805 - Attr not supported : Dmpu
2024-07-31 15:01:14,195 [ERROR] ConditionMgr:805 - Attr not supported : Dmpu
2024-07-31 15:01:14,195 [ERROR] ConditionMgr:805 - Attr not supported : Dmpu
2024-07-31 15:01:14,196 [ERROR] ConditionMgr:805 - Attr not supported : Dmpu
2024-07-31 15:01:14,196 [ERROR] ConditionMgr:805 - Attr not supported : Dmpu
2024-07-31 15:01:14,196 [ERROR] ConditionMgr:805 - Attr not supported : Dmpu
2024-07-31 15:01:14,196 [ERROR] ConditionMgr:805 - Attr not supported : Dmpu
2024-07-31 15:01:14,196 [ERROR] ConditionMgr:805 - Attr not supported : Dmpu
2024-07-31 15:01:14,196 [ERROR] ConditionMgr:805 - Attr not supported : Dmpu
2024-07-31 15:01:14,197 [ERROR] ConditionMgr:805 - Attr not supported : Dmpu
2024-07-31 15:01:14,197 [ERROR] ConditionMgr:805 - Attr not supported : Dmpu
2024-07-31 15:01:14,197 [ERROR] ConditionMgr:805 - Attr not supported : Dmpu
2024-07-31 15:01:14,197 [ERROR] ConditionMgr:805 - Attr not supported : Dmpu
2024-07-31 15:01:14,197 [ERROR] ConditionMgr:805 - Attr not supported : Dmpu
2024-07-31 15:01:14,198 [ERROR] ConditionMgr:805 - Attr not supported : Dmpu
2024-07-31 15:01:14,198 [ERROR] ConditionMgr:805 - Attr not supported : Dmpu
2024-07-31 15:01:14,198 [ERROR] ConditionMgr:805 - Attr not supported : Dmpu
2024-07-31 15:01:14,198 [ERROR] ConditionMgr:805 - Attr not supported : Dmpu
2024-07-31 15:01:14,198 [ERROR] ConditionMgr:805 - Attr not supported : Dmpu
2024-07-31 15:01:14,199 [ERROR] ConditionMgr:805 - Attr not supported : Dmpu
2024-07-31 15:01:14,199 [ERROR] ConditionMgr:805 - Attr not supported : Dmpu
2024-07-31 15:01:14,199 [ERROR] ConditionMgr:805 - Attr not supported : Dmpu
2024-07-31 15:01:14,200 [ERROR] ConditionMgr:805 - Attr not supported : Dmpu
2024-07-31 15:01:14,200 [ERROR] ConditionMgr:805 - Attr not supported : Dmpu
2024-07-31 15:01:14,203 [ERROR] ConditionMgr:805 - Attr not supported : Dmpu
2024-07-31 15:01:14,204 [ERROR] ConditionMgr:805 - Attr not supported : Dmpu
2024-07-31 15:01:14,205 [ERROR] ConditionMgr:805 - Attr not supported : Dmpu
2024-07-31 15:01:14,205 [ERROR] ConditionMgr:805 - Attr not supported : Dmpu
2024-07-31 15:01:14,207 [ERROR] ConditionMgr:805 - Attr not supported : Dmpu
2024-07-31 15:01:14,208 [ERROR] ConditionMgr:805 - Attr not supported : Dmpu
2024-07-31 15:01:14,208 [ERROR] ConditionMgr:805 - Attr not supported : Dmpu
2024-07-31 15:01:14,209 [ERROR] ConditionMgr:805 - Attr not supported : Dmpu
2024-07-31 15:01:14,209 [ERROR] ConditionMgr:805 - Attr not supported : Dmpu
2024-07-31 15:01:14,209 [ERROR] ConditionMgr:805 - Attr not supported : Dmpu
2024-07-31 15:01:14,209 [ERROR] ConditionMgr:805 - Attr not supported : Dmpu
2024-07-31 15:01:14,209 [ERROR] ConditionMgr:805 - Attr not supported : Dmpu
2024-07-31 15:01:14,210 [ERROR] ConditionMgr:805 - Attr not supported : Dmpu
2024-07-31 15:01:14,210 [ERROR] ConditionMgr:805 - Attr not supported : Dmpu
2024-07-31 15:01:14,210 [ERROR] ConditionMgr:805 - Attr not supported : Dmpu
2024-07-31 15:01:14,210 [ERROR] ConditionMgr:805 - Attr not supported : Dmpu
2024-07-31 15:01:14,210 [ERROR] ConditionMgr:805 - Attr not supported : Dmpu
2024-07-31 15:01:14,210 [ERROR] ConditionMgr:805 - Attr not supported : Dmpu
2024-07-31 15:01:14,211 [ERROR] ConditionMgr:805 - Attr not supported : Dmpu
2024-07-31 15:01:14,211 [ERROR] ConditionMgr:805 - Attr not supported : Dmpu
2024-07-31 15:01:14,211 [ERROR] ConditionMgr:805 - Attr not supported : Dmpu
2024-07-31 15:01:14,213 [ERROR] ConditionMgr:805 - Attr not supported : Dmpu
2024-07-31 15:01:14,213 [ERROR] ConditionMgr:805 - Attr not supported : Dmpu
2024-07-31 15:01:14,213 [ERROR] ConditionMgr:805 - Attr not supported : Dmpu
2024-07-31 15:01:14,213 [ERROR] ConditionMgr:805 - Attr not supported : Dmpu
2024-07-31 15:01:14,213 [ERROR] ConditionMgr:805 - Attr not supported : Dmpu
2024-07-31 15:01:14,213 [ERROR] ConditionMgr:805 - Attr not supported : Dmpu
2024-07-31 15:01:14,213 [ERROR] ConditionMgr:805 - Attr not supported : Dmpu
2024-07-31 15:01:14,243 [WARN] PackLoader:240 - Cannot read IP mode file for RealThread.X-CUBE-RT-Thread_Nano.4.1.1
2024-07-31 15:01:14,378 [WARN] PackLoader:240 - Cannot read IP mode file for SEGGER.I-CUBE-embOS.1.3.1
2024-07-31 15:01:14,578 [WARN] PackLoader:240 - Cannot read IP mode file for Cesanta.I-CUBE-Mongoose.7.13.0
2024-07-31 15:01:14,615 [WARN] PackLoader:240 - Cannot read IP mode file for portGmbH.I-Cube-SoM-uGOAL.1.1.0
2024-07-31 15:01:14,700 [WARN] PackLoader:240 - Cannot read IP mode file for Infineon.AIROC-Wi-Fi-Bluetooth-STM32.1.6.0
2024-07-31 15:01:14,721 [INFO] ThirdParty:978 - Integrity check success = true
2024-07-31 15:01:14,721 [INFO] IntegrityCheckThread:100 - exiting critical section [integrity check]
2024-07-31 15:01:14,721 [INFO] IntegrityCheckThread:103 - End integrity checks thread
2024-07-31 16:26:04,802 [ERROR] ConfigurationRetriever:142 - IOException on connection: Connection refused: getsockopt
2024-07-31 16:26:04,818 [ERROR] ConfigurationRetriever:142 - IOException on connection: Connection refused: getsockopt
2024-07-31 16:26:04,847 [ERROR] ConfigurationRetriever:142 - IOException on connection: Connection refused: getsockopt
